Control Set Information: 
Number of unique control sets: 196
Minimum Number of register sites lost to control set restrictions: 724
-------------------------------------------------------------------------------------------------------------------------------------------------------------------------------------------------------------------------------
| Clock Signal                     | Enable Signal                                                                     | Set/Reset Signal                                               | Slice Load Count   | Bel Load Count |
-------------------------------------------------------------------------------------------------------------------------------------------------------------------------------------------------------------------------------
| sys0_clk                         | ftop/fau2DM1/bram_serverAdapterB_outDataCore/not_ring_full                        | ftop/rstndb/O3                                                 | 1                  | 1
| sys0_clk                         | ftop/fdu1DM1/freeF/WILL_FIRE_RL_signalFreeInit                                    | ftop/rstndb/O3                                                 | 1                  | 1
| sys0_clk                         | ftop/fau2DM1/freeF/WILL_FIRE_RL_signalFreeInit                                    | ftop/rstndb/O3                                                 | 1                  | 1
| sys0_clk                         | ftop/mfFAUDM1/freeF2/MUX_isDGheader_write_1__PSEL_1                               | ftop/rstndb/O3                                                 | 1                  | 1
| sys0_clk                         | ftop/fdu1DM1/bram_serverAdapterB_outDataCore/not_ring_full                        | ftop/rstndb/O3                                                 | 1                  | 1
| ftop/sys1_clk_O                  | ftop/gmac/gmac/txRS_txF/WILL_FIRE_RL_txRS_egress_EOF                              | ftop/gmac/gmac/txRS_txRst/SR[0]                                | 1                  | 1
| sys0_clk                         | ftop/producer2DM1/nextLengthF/d1di                                                |                                                                | 1                  | 1
| ftop/sys1_clk_O                  |                                                                                   | ftop/rstndb/O3                                                 | 1                  | 1
| ftop/sys1_clk_O                  |                                                                                   | ftop/gmac/gmac/txRS_txRst/SR[0]                                | 1                  | 1
| sys0_clk                         | ftop/mfFDUDM1/datagramIngressF1/control_EN                                        | ftop/rstndb/O3                                                 | 1                  | 1
| sys0_clk                         | ftop/fau1DM1/freeF/WILL_FIRE_RL_signalFreeInit                                    | ftop/rstndb/O3                                                 | 1                  | 1
| sys0_clk                         | ftop/fau1DM1/bram_serverAdapterB_outDataCore/not_ring_full                        | ftop/rstndb/O3                                                 | 1                  | 1
| sys0_clk                         | ftop/fdu2DM1/freeF/WILL_FIRE_RL_signalFreeInit                                    | ftop/rstndb/O3                                                 | 1                  | 1
| sys0_clk                         | ftop/fdu2DM1/bram_serverAdapterB_outDataCore/not_ring_full                        | ftop/rstndb/O3                                                 | 1                  | 1
| sys0_clk                         | ftop/senderDM1/fcF/O2                                                             | ftop/rstndb/O3                                                 | 1                  | 1
| ftop/gmac/gmac/n_6408_rxClk_BUFR | ftop/gmac/gmac/rxRS_rxOperateS/rxRS_rxOperateS_dD_OUT                             | ftop/n_6408_dDoutReg_reg[9]_i_2__0                             | 1                  | 1
| sys0_clk                         | ftop/producer1DM1/nextLengthF/d1di                                                |                                                                | 1                  | 1
| sys0_clk                         | ftop/senderDM1/bsEnqF/WILL_FIRE_RL_enqMH                                          | ftop/rstndb/O3                                                 | 1                  | 1
| sys0_clk                         |                                                                                   | ftop/idc_idcRst/rstSync/n_6408_reset_hold_reg[1]_i_1           | 1                  | 2
| sys0_clk                         | ftop/mergeWireDM1/egressWireInF/E[0]                                              | ftop/rstndb/O3                                                 | 1                  | 2
| sys0_clk                         | ftop/producer2DM1/nextLengthF/WILL_FIRE_RL_prepLength                             | ftop/rstndb/O3                                                 | 1                  | 2
| sys0_clk                         | ftop/producer1DM1/nextLengthF/WILL_FIRE_RL_prepLength                             | ftop/rstndb/O3                                                 | 1                  | 2
| sys0_clk                         | ftop/senderDM1/bsEnqF/E[0]                                                        | ftop/rstndb/O3                                                 | 1                  | 2
| ftop/sys1_clk_O                  | ftop/gmac/rxfun_inF/CAN_FIRE_RL_rxfun_unfunnel                                    | ftop/n_6408_dDoutReg_reg[9]_i_2                                | 1                  | 2
| sys0_clk                         | ftop/receiverDM1/mesgEgressF/E[0]                                                 | ftop/rstndb/O3                                                 | 1                  | 2
| ftop/sys1_clk_O                  | ftop/gmac/txfun_inF/E[0]                                                          | ftop/n_6408_dDoutReg_reg[9]_i_2                                | 1                  | 2
| sys0_clk                         | ftop/fau2DM1/lengthF/O1[0]                                                        | ftop/rstndb/O3                                                 | 1                  | 3
| sys0_clk                         | ftop/fdu1DM1/lengthF/E[0]                                                         | ftop/rstndb/O3                                                 | 1                  | 3
| sys0_clk                         | ftop/fau1DM1/lengthF/O1[0]                                                        | ftop/rstndb/O3                                                 | 2                  | 3
| ftop/sys1_clk_O                  | ftop/gmac/gmac/txRS_txOperateS/E[0]                                               | ftop/gmac/gmac/txRS_txRst/SR[0]                                | 1                  | 3
| sys0_clk                         | ftop/fdu2DM1/lengthF/E[0]                                                         | ftop/rstndb/O3                                                 | 1                  | 3
| ftop/gmac/gmac/n_6408_rxClk_BUFR |                                                                                   | ftop/n_6408_dDoutReg_reg[9]_i_2                                | 2                  | 4
| sys0_clk                         | ftop/n_6408_idc_doResetCount_reg[3]_i_1                                           | sys0_rst_IBUF                                                  | 1                  | 4
| sys0_clk                         | ftop/idc_idcRst/E[0]                                                              | sys0_rst_IBUF                                                  | 1                  | 4
| sys0_clk                         | ftop/consumerDM1/dataIngressExpF/incorrectData_EN                                 | ftop/rstndb/O3                                                 | 2                  | 4
| ftop/gmac/gmac/n_6408_rxClk_BUFR | ftop/gmac/gmac/rxRS_rxF/E[0]                                                      | ftop/n_6408_dDoutReg_reg[9]_i_2__0                             | 2                  | 4
| sys0_clk                         | ftop/senderDM1/datagramEgressF/d1di                                               | ftop/senderDM1/datagramEgressF/n_6408_data1_reg_reg[4]_i_1__14 | 2                  | 4
| sys0_clk                         | ftop/consumerDM1/metaIngressExpF/incorrectMeta_EN                                 | ftop/rstndb/O3                                                 | 2                  | 4
| ftop/sys1_clk_O                  | ftop/gmac/gmac/txRS_txOperateS/O6[0]                                              | ftop/gmac/gmac/txRS_txRst/SR[0]                                | 1                  | 5
| ftop/sys1_clk_O                  | ftop/gmac/gmac/txRS_txOperateS/O9[0]                                              | ftop/gmac/gmac/txRS_txRst/SR[0]                                | 4                  | 5
| ftop/gmac/gmac/n_6408_rxClk_BUFR | ftop/gmac/gmac/rxRS_rxF/O2[0]                                                     | ftop/n_6408_dDoutReg_reg[9]_i_2__0                             | 2                  | 6
| sys0_clk                         | ftop/hbdg2qabs/hexbdgIngressF/E[0]                                                | ftop/rstndb/O3                                                 | 3                  | 7
| ftop/sys1_clk_O                  |                                                                                   | ftop/gmac/gmac/txRS_txF/SR[0]                                  | 4                  | 8
| sys0_clk                         | ftop/senderDM1/bsEnqF/d1di                                                        | ftop/senderDM1/bsEnqF/n_6408_data1_reg_reg[130]_i_1__7         | 5                  | 8
| sys0_clk                         |                                                                                   | ftop/n_6408_dDoutReg_reg[9]_i_2                                | 4                  | 9
| sys0_clk                         | ftop/senderDM1/bsEnqF/d1di                                                        | ftop/senderDM1/bsEnqF/n_6408_data1_reg_reg[59]_i_1__12         | 6                  | 9
| ftop/sys1_clk_O                  |                                                                                   | ftop/n_6408_dDoutReg_reg[9]_i_2__0                             | 2                  | 9
| sys0_clk                         | ftop/producer2DM1/nextLengthF/CAN_FIRE_RL_generateMeta                            | ftop/rstndb/O3                                                 | 3                  | 9
| sys0_clk                         | ftop/producer1DM1/nextLengthF/CAN_FIRE_RL_generateMeta                            | ftop/rstndb/O3                                                 | 3                  | 9
| sys0_clk                         | ftop/fdu1DM1/readTriggerF/O2[0]                                                   | ftop/rstndb/O3                                                 | 2                  | 10
| sys0_clk                         | ftop/gmac/txF/E[0]                                                                | sys0_rst_IBUF                                                  | 4                  | 10
| sys0_clk                         | ftop/fdu2DM1/bram_serverAdapterB_outDataCore/WILL_FIRE_RL_readBRAM                | ftop/rstndb/O3                                                 | 3                  | 10
| sys0_clk                         | ftop/fdu1DM1/readTriggerF/CAN_FIRE_RL_bram_serverAdapterB_stageReadResponseAlways | ftop/rstndb/O3                                                 | 3                  | 10
| sys0_clk                         | ftop/fau1DM1/datagramIngressF/O4[0]                                               |                                                                | 2                  | 10
| sys0_clk                         | ftop/fdu1DM1/datagramIngressF/I9[0]                                               |                                                                | 2                  | 10
| sys0_clk                         | ftop/fau1DM1/freeF/E[0]                                                           | ftop/rstndb/O3                                                 | 4                  | 10
| sys0_clk                         | ftop/fau2DM1/datagramIngressF/O4[0]                                               |                                                                | 3                  | 10
| sys0_clk                         | ftop/fdu1DM1/bram_serverAdapterB_outDataCore/WILL_FIRE_RL_readBRAM                | ftop/rstndb/O3                                                 | 2                  | 10
| sys0_clk                         | ftop/fau2DM1/freeF/E[0]                                                           | ftop/rstndb/O3                                                 | 3                  | 10
| ftop/sys1_clk_O                  | ftop/gmac/txfun_outF/n_6408_data1_reg_reg[9]_i_1__12                              |                                                                | 4                  | 10
| ftop/gmac/gmac/n_6408_rxClk_BUFR |                                                                                   |                                                                | 9                  | 10
| sys0_clk                         | ftop/fdu2DM1/datagramIngressF/I10[0]                                              |                                                                | 2                  | 10
| sys0_clk                         | ftop/fdu2DM1/readTriggerF/CAN_FIRE_RL_bram_serverAdapterB_stageReadResponseAlways | ftop/rstndb/O3                                                 | 3                  | 10
| ftop/gmac/gmac/n_6408_rxClk_BUFR | ftop/gmac/gmac/rxRS_rxF/sENQ                                                      | ftop/n_6408_dDoutReg_reg[9]_i_2__0                             | 2                  | 10
| ftop/sys1_clk_O                  | ftop/gmac/rxF/CAN_FIRE_RL_mkConnectionGetPut_1                                    | ftop/n_6408_dDoutReg_reg[9]_i_2                                | 3                  | 10
| sys0_clk                         | ftop/fdu2DM1/readTriggerF/O2[0]                                                   | ftop/rstndb/O3                                                 | 3                  | 10
| ftop/sys1_clk_O                  | ftop/gmac/rxfun_inF/d1di                                                          |                                                                | 2                  | 10
| ftop/gmac/gmac/n_6408_rxClk_BUFR |                                                                                   | ftop/n_6408_dDoutReg_reg[9]_i_2__0                             | 4                  | 11
| ftop/sys1_clk_O                  |                                                                                   | sys0_rst_IBUF                                                  | 5                  | 11
| ftop/sys1_clk_O                  | ftop/gmac/txfun_outF/CAN_FIRE_RL_mkConnectionGetPut_3                             | ftop/n_6408_dDoutReg_reg[9]_i_2                                | 4                  | 12
| ftop/sys1_clk_O                  | ftop/gmac/gmac/txRS_txF/E[0]                                                      | ftop/gmac/gmac/txRS_txRst/SR[0]                                | 3                  | 12
| sys0_clk                         | ftop/hbdg2qabs/qabsIngressF/E[0]                                                  | ftop/rstndb/O3                                                 | 6                  | 13
| sys0_clk                         | ftop/senderDM1/bsEnqF/d1di                                                        | ftop/senderDM1/bsEnqF/n_6408_data1_reg_reg[132]_i_1__7         | 7                  | 14
| sys0_clk                         | ftop/mfFDUDM1/ackEgressF/d1di                                                     |                                                                | 2                  | 16
| sys0_clk                         | ftop/ackAggregatorDM1/ackEgressF/fsCnt_EN                                         | ftop/rstndb/O3                                                 | 5                  | 16
| sys0_clk                         | ftop/ackAggregatorDM1/fidIngressF1/d1di                                           |                                                                | 3                  | 16
| ftop/sys1_clk_O                  | ftop/gmac/txfun_outF/CAN_FIRE_RL_mkConnectionGetPut_3                             |                                                                | 1                  | 16
| sys0_clk                         | ftop/fau2DM1/fidEgressF/d1di                                                      |                                                                | 3                  | 16
| sys0_clk                         | ftop/fdu2DM1/readTriggerF/E[0]                                                    | ftop/rstndb/O3                                                 | 3                  | 16
| sys0_clk                         | ftop/fdu1DM1/fidIngressF/d1di                                                     |                                                                | 3                  | 16
| sys0_clk                         | ftop/fdu1DM1/fidEgressF/d1di                                                      |                                                                | 2                  | 16
| sys0_clk                         | ftop/fdu1DM1/fidF/CAN_FIRE_RL_getFID                                              | ftop/rstndb/O3                                                 | 3                  | 16
| sys0_clk                         | ftop/fdu1DM1/fidF/d1di                                                            |                                                                | 4                  | 16
| ftop/gmac/gmac/n_6408_rxClk_BUFR | ftop/gmac/gmac/rxRS_rxF/sENQ                                                      |                                                                | 2                  | 16
| sys0_clk                         | ftop/fdu1DM1/readTriggerF/E[0]                                                    | ftop/rstndb/O3                                                 | 4                  | 16
| sys0_clk                         | ftop/receiverDM1/bytesToDeq_EN                                                    | ftop/rstndb/O3                                                 | 5                  | 16
| sys0_clk                         | ftop/senderDM1/fcF/E[0]                                                           | ftop/rstndb/O3                                                 | 6                  | 16
| sys0_clk                         | ftop/senderDM1/fcF/O11[0]                                                         |                                                                | 4                  | 16
| sys0_clk                         | ftop/senderDM1/fcF/O11[0]                                                         | ftop/rstndb/O3                                                 | 6                  | 16
| sys0_clk                         | ftop/fdu2DM1/fidF/CAN_FIRE_RL_getFID                                              | ftop/rstndb/O3                                                 | 5                  | 16
| sys0_clk                         | ftop/senderDM1/bsEnqF/d1di                                                        | ftop/senderDM1/bsEnqF/n_6408_data1_reg_reg[95]_i_1__9          | 7                  | 16
| sys0_clk                         | ftop/ackTrackerDM1/fidIngressF1/E[0]                                              |                                                                | 3                  | 16
| sys0_clk                         | ftop/fdu2DM1/fidEgressF/d1di                                                      |                                                                | 4                  | 16
| sys0_clk                         | ftop/senderDM1/fcF/d1di                                                           |                                                                | 4                  | 16
| sys0_clk                         | ftop/ackTrackerDM1/fidF/d1di                                                      |                                                                | 3                  | 16
| sys0_clk                         | ftop/fdu2DM1/fidIngressF/d1di                                                     |                                                                | 3                  | 16
| sys0_clk                         | ftop/ackTrackerDM1/fidIngressF2/d1di                                              |                                                                | 3                  | 16
| sys0_clk                         | ftop/ackTrackerDM1/fidEgressF2/d1di                                               |                                                                | 3                  | 16
| sys0_clk                         | ftop/fdu2DM1/fidF/d1di                                                            |                                                                | 3                  | 16
| sys0_clk                         | ftop/ackTrackerDM1/ackIngressF/d1di                                               |                                                                | 4                  | 16
| sys0_clk                         | ftop/ackTrackerDM1/fidIngressF1/d1di                                              |                                                                | 4                  | 16
| sys0_clk                         | ftop/ackAggregatorDM1/fidIngressF2/d1di                                           |                                                                | 2                  | 16
| sys0_clk                         | ftop/fau1DM1/fidEgressF/d1di                                                      |                                                                | 2                  | 16
| sys0_clk                         | ftop/fau2DM1/datagramIngressF/O5[0]                                               | ftop/rstndb/O3                                                 | 3                  | 17
| sys0_clk                         | ftop/mergeWireDM1/egressWireInF/O7[0]                                             |                                                                | 6                  | 17
| sys0_clk                         | ftop/senderDM1/datagramEgressF/E[0]                                               | ftop/rstndb/O3                                                 | 5                  | 17
| sys0_clk                         | ftop/fau1DM1/datagramIngressF/O5[0]                                               | ftop/rstndb/O3                                                 | 4                  | 17
| sys0_clk                         | ftop/senderDM1/datagramEgressF/WILL_FIRE_RL_frameSourcePump                       | ftop/rstndb/O3                                                 | 6                  | 17
| sys0_clk                         | ftop/mfFDUDM1/ackIngressF/d1di                                                    |                                                                | 5                  | 17
| sys0_clk                         | ftop/senderDM1/mesgIngressF/O50[0]                                                | ftop/rstndb/O3                                                 | 5                  | 18
| sys0_clk                         | ftop/fdu2DM1/datagramIngressF/WILL_FIRE_RL_writeBRAM                              | ftop/rstndb/O3                                                 | 7                  | 20
| sys0_clk                         | ftop/fdu1DM1/datagramIngressF/WILL_FIRE_RL_writeBRAM                              | ftop/rstndb/O3                                                 | 6                  | 20
| sys0_clk                         | ftop/fau2DM1/datagramIngressF/E[0]                                                | ftop/rstndb/O3                                                 | 7                  | 20
| sys0_clk                         | ftop/fau1DM1/lengthF/CAN_FIRE_RL_bram_serverAdapterB_stageReadResponseAlways      | ftop/rstndb/O3                                                 | 7                  | 20
| sys0_clk                         | ftop/fau2DM1/lengthF/CAN_FIRE_RL_bram_serverAdapterB_stageReadResponseAlways      | ftop/rstndb/O3                                                 | 6                  | 20
| ftop/sys1_clk_O                  | ftop/gmac/gmac/rxRS_rxF/p_3_out                                                   | ftop/n_6408_dDoutReg_reg[9]_i_2__0                             | 5                  | 20
| sys0_clk                         | ftop/fau1DM1/datagramIngressF/E[0]                                                | ftop/rstndb/O3                                                 | 8                  | 20
| sys0_clk                         | ftop/senderDM1/mesgIngressF/E[0]                                                  | ftop/rstndb/O3                                                 | 4                  | 21
| ftop/sys1_clk_O                  | ftop/gmac/gmac/txRS_txF/n_6408_dDoutReg_reg[9]_i_1__0                             | ftop/n_6408_dDoutReg_reg[9]_i_2                                | 7                  | 22
| sys0_clk                         | ftop/mergeWireDM1/egressWireInF/WILL_FIRE_RL_grabDID                              | ftop/rstndb/O3                                                 | 5                  | 24
| sys0_clk                         |                                                                                   | sys0_rst_IBUF                                                  | 12                 | 28
| ftop/sys1_clk_O                  | ftop/gmac/rxfun_inF/CAN_FIRE_RL_rxfun_unfunnel                                    |                                                                | 8                  | 30
| sys0_clk                         | ftop/producer1DM1/mesgEgressF/E[0]                                                | ftop/rstndb/O3                                                 | 7                  | 31
| sys0_clk                         | ftop/producer2DM1/mesgEgressF/E[0]                                                | ftop/rstndb/O3                                                 | 8                  | 31
| sys0_clk                         | ftop/ackAggregatorDM1/ackEgressF/d1di                                             |                                                                | 8                  | 32
| sys0_clk                         | ftop/mfFAUDM1/ackIngressF/d1di                                                    |                                                                | 8                  | 32
| ftop/gmac/gmac/n_6408_rxClk_BUFR | ftop/gmac/gmac/rxRS_rxOperateS/E[0]                                               | ftop/n_6408_dDoutReg_reg[9]_i_2__0                             | 9                  | 32
| ftop/sys1_clk_O                  | ftop/gmac/gmac/txRS_txF/O11[0]                                                    | ftop/gmac/gmac/txRS_txRst/SR[0]                                | 12                 | 32
| sys0_clk                         | ftop/consumerDM1/metaIngressExpF/E[0]                                             | ftop/rstndb/O3                                                 | 14                 | 33
| ftop/sys1_clk_O                  |                                                                                   | ftop/n_6408_dDoutReg_reg[9]_i_2                                | 14                 | 37
| sys0_clk                         | ftop/hbdg2qabs/qabsIngressF/d1di                                                  |                                                                | 14                 | 40
| sys0_clk                         | ftop/hbdg2qabs/qabsEgressF/d1di                                                   |                                                                | 17                 | 40
| ftop/sys1_clk_O                  | ftop/gmac/txfun_inF/n_6408_data1_reg_reg[39]_i_1__16                              |                                                                | 9                  | 40
| ftop/sys1_clk_O                  | ftop/gmac/rxfun_inF/E[0]                                                          |                                                                | 8                  | 40
| sys0_clk                         | ftop/consumerDM1/metaIngressRcvF/d1di                                             |                                                                | 10                 | 40
| sys0_clk                         | ftop/consumerDM1/mesgIngressExpF/E[0]                                             |                                                                | 10                 | 40
| sys0_clk                         | ftop/receiverDM1/mesgEgressF/d1di                                                 |                                                                | 17                 | 41
| ftop/gmac/gmac/n_6408_rxClk_BUFR | ftop/gmac/gmac/rxRS_rxOperateS/O4[0]                                              |                                                                | 11                 | 48
| sys0_clk                         | ftop/gmac/rxF/p_3_out                                                             | ftop/n_6408_dDoutReg_reg[9]_i_2                                | 9                  | 50
| ftop/sys1_clk_O                  | ftop/gmac/txF/n_6408_dDoutReg_reg[39]_i_1__0                                      | sys0_rst_IBUF                                                  | 9                  | 50
| sys0_clk                         | ftop/gmac/txF/E[0]                                                                |                                                                | 7                  | 56
| ftop/sys1_clk_O                  | ftop/gmac/rxF/CAN_FIRE_RL_mkConnectionGetPut_1                                    |                                                                | 7                  | 56
| sys0_clk                         | ftop/senderDM1/bsEnqF/d1di                                                        |                                                                | 34                 | 86
| sys0_clk                         | ftop/receiverDM1/mesgEgressF/d1di                                                 | ftop/receiverDM1/mesgEgressF/n_6408_data1_reg_reg[126]_i_1__10 | 23                 | 88
| sys0_clk                         | ftop/hbdg2qabs/qabsIngressF/E[0]                                                  |                                                                | 22                 | 96
| ftop/sys1_clk_O                  |                                                                                   |                                                                | 31                 | 110
| sys0_clk                         | ftop/producer1DM1/mesgEgressF/patternV_EN                                         | ftop/rstndb/O3                                                 | 27                 | 128
| sys0_clk                         | ftop/senderDM1/mesgIngressF/d1di                                                  |                                                                | 42                 | 128
| sys0_clk                         | ftop/producer1DM1/mesgEgressF/d1di                                                |                                                                | 53                 | 128
| sys0_clk                         | ftop/consumerDM1/dataIngressExpF/d1di                                             |                                                                | 41                 | 128
| sys0_clk                         | ftop/producer2DM1/mesgEgressF/patternV_EN                                         | ftop/rstndb/O3                                                 | 27                 | 128
| sys0_clk                         | ftop/consumerDM1/dataIngressRcvF/d1di                                             |                                                                | 26                 | 128
| sys0_clk                         | ftop/producer2DM1/mesgEgressF/d1di                                                |                                                                | 43                 | 129
| sys0_clk                         | ftop/consumerDM1/mesgIngressRcvF/d1di                                             |                                                                | 29                 | 129
| sys0_clk                         | ftop/consumerDM1/mesgIngressExpF/d1di                                             |                                                                | 44                 | 129
| sys0_clk                         | ftop/senderDM1/datagramEgressF/d1di                                               |                                                                | 55                 | 130
| sys0_clk                         | ftop/fau1DM1/datagramIngressF/d1di                                                |                                                                | 41                 | 134
| sys0_clk                         | ftop/fdu1DM1/bram_serverAdapterB_outDataCore/n_6408_D_OUT_reg[133]_i_1__1         |                                                                | 44                 | 134
| sys0_clk                         | ftop/fdu2DM1/bram_serverAdapterB_outDataCore/n_6408_D_OUT_reg[133]_i_1__2         |                                                                | 46                 | 134
| sys0_clk                         | ftop/mergeWireDM1/egressWireOutF/d1di                                             |                                                                | 46                 | 134
| sys0_clk                         | ftop/fdu2DM1/bram_serverAdapterB_outDataCore/E[0]                                 |                                                                | 31                 | 134
| sys0_clk                         | ftop/fdu2DM1/datagramIngressF/d1di                                                |                                                                | 38                 | 134
| sys0_clk                         | ftop/fdu1DM1/bram_serverAdapterB_outDataCore/E[0]                                 |                                                                | 33                 | 134
| sys0_clk                         | ftop/fdu1DM1/datagramIngressF/d1di                                                |                                                                | 27                 | 134
| sys0_clk                         | ftop/forkSndDM1_datagramEgressF1/d1di                                             |                                                                | 30                 | 134
| sys0_clk                         | ftop/forkSndDM1_datagramEgressF2/d1di                                             |                                                                | 39                 | 134
| sys0_clk                         | ftop/hbdg2qabs/hexbdgEgressF/d1di                                                 |                                                                | 45                 | 134
| sys0_clk                         | ftop/hbdg2qabs/hexbdgIngressF/d1di                                                |                                                                | 24                 | 134
| sys0_clk                         | ftop/receiverDM1/datagramIngressF/d1di                                            |                                                                | 45                 | 134
| sys0_clk                         | ftop/fau2DM1/datagramIngressF/d1di                                                |                                                                | 45                 | 134
| sys0_clk                         | ftop/forkSndDM1_datagramIngressF/d1di                                             |                                                                | 42                 | 134
| sys0_clk                         | ftop/mergeWireDM1/egressWireInF/d1di                                              |                                                                | 39                 | 134
| sys0_clk                         | ftop/mergeWireDM1/egressWireInF/D[0]                                              | ftop/rstndb/O3                                                 | 28                 | 134
| sys0_clk                         | ftop/mergeWireDM1/egressWireInF/O6[0]                                             |                                                                | 42                 | 134
| sys0_clk                         | ftop/mergeWireDM1/datagramIngressSndF/d1di                                        |                                                                | 27                 | 134
| sys0_clk                         | ftop/mfFAUDM1/datagramIngressF/d1di                                               |                                                                | 27                 | 134
| sys0_clk                         | ftop/fau2DM1/freeF/I5[0]                                                          |                                                                | 31                 | 134
| sys0_clk                         | ftop/mergeWireDM1/ackIngressRcvF/d1di                                             |                                                                | 32                 | 134
| sys0_clk                         | ftop/mfFDUDM1/datagramEgressF/d1di                                                |                                                                | 39                 | 134
| sys0_clk                         | ftop/mfFAUDM1/ackEgressF/d1di                                                     | ftop/mfFAUDM1/ackEgressF/n_6408_data1_reg_reg[132]_i_1__8      | 51                 | 134
| sys0_clk                         | ftop/mfFDUDM1/datagramIngressF1/d1di                                              |                                                                | 28                 | 134
| sys0_clk                         | ftop/mfFDUDM1/datagramIngressF2/d1di                                              |                                                                | 27                 | 134
| sys0_clk                         | ftop/mergeRcvDM1_datagramEgressF/d1di                                             |                                                                | 33                 | 134
| sys0_clk                         | ftop/fau1DM1/freeF/I5[0]                                                          |                                                                | 36                 | 134
| sys0_clk                         | ftop/mfFAUDM1/datagramEgressF1/d1di                                               |                                                                | 30                 | 134
| sys0_clk                         | ftop/fau1DM1/bram_serverAdapterB_outDataCore/n_6408_D_OUT_reg[133]_i_1            |                                                                | 46                 | 134
| sys0_clk                         | ftop/mergeRcvDM1_datagramIngressF1/d1di                                           |                                                                | 48                 | 134
| sys0_clk                         | ftop/fau2DM1/bram_serverAdapterB_outDataCore/n_6408_D_OUT_reg[133]_i_1__0         |                                                                | 48                 | 134
| sys0_clk                         | ftop/mergeRcvDM1_datagramIngressF2/d1di                                           |                                                                | 25                 | 134
| sys0_clk                         | ftop/mfFAUDM1/datagramEgressF2/d1di                                               |                                                                | 39                 | 134
| sys0_clk                         | ftop/fau2DM1/bram_serverAdapterB_outDataCore/n_6408_arr_reg_0_1_0_5_i_1__0        |                                                                | 23                 | 184
| sys0_clk                         | ftop/fdu1DM1/bram_serverAdapterB_outDataCore/n_6408_arr_reg_0_1_0_5_i_1__1        |                                                                | 23                 | 184
| sys0_clk                         | ftop/fdu2DM1/bram_serverAdapterB_outDataCore/n_6408_arr_reg_0_1_0_5_i_1__2        |                                                                | 23                 | 184
| sys0_clk                         | ftop/fau1DM1/bram_serverAdapterB_outDataCore/n_6408_arr_reg_0_1_0_5_i_1           |                                                                | 23                 | 184
| sys0_clk                         |                                                                                   | ftop/rstndb/O3                                                 | 479                | 856
| sys0_clk                         |                                                                                   |                                                                | 1879               | 6056
-------------------------------------------------------------------------------------------------------------------------------------------------------------------------------------------------------------------------------
