Copyright 1986-1999, 2001-2013 Xilinx, Inc. All Rights Reserved.
--------------------------------------------------------------------------------------------------------------
| Tool Version : Vivado v.2013.1 (lin64) Build 248050 Wed Mar 27 17:11:51 MDT 2013
| Date         : Thu Jun 27 10:18:06 2013
| Host         : centipede.ddns.uark.edu running 64-bit Red Hat Enterprise Linux Client release 5.2 (Tikanga)
| Command      : report_utilization -file fpgaTop_utilization_placed.rpt -pb fpgaTop_utilization_placed.pb
| Design       : fpgaTop
| Device       : xc7k325t
| Design State : Fully Placed
--------------------------------------------------------------------------------------------------------------

Utilization Design Information

Table of Contents
-----------------
1. Slice Logic
2. Slice Logic Distribution
3. Memory
4. DSP
5. IO and GTX Specific
6. Clocking
7. Specific Feature
8. Primitives
9. Black Boxes
10. Instantiated Netlists

1. Slice Logic
--------------

+----------------------------+-------+-------+-----------+-------+
|          Site Type         |  Used | Loced | Available | Util% |
+----------------------------+-------+-------+-----------+-------+
| Slice LUTs                 | 13651 |     0 |    203800 |  6.69 |
|   LUT as Logic             | 13210 |     0 |    203800 |  6.48 |
|   LUT as Memory            |   441 |     0 |     64000 |  0.68 |
|     LUT as Distributed RAM |   440 |     0 |           |       |
|     LUT as Shift Register  |     1 |     0 |           |       |
| Slice Registers            | 14371 |     0 |    407600 |  3.52 |
|   Register as Flip Flop    | 14371 |     0 |    407600 |  3.52 |
|   Register as Latch        |     0 |     0 |    407600 |  0.00 |
| F7 Muxes                   |     2 |     0 |    101900 |  0.01 |
| F8 Muxes                   |     0 |     0 |     50950 |  0.00 |
+----------------------------+-------+-------+-----------+-------+


2. Slice Logic Distribution
---------------------------

+-------------------------------------------------------------+-----------+-------+-----------+-------+
|                          Site Type                          |    Used   | Loced | Available | Util% |
+-------------------------------------------------------------+-----------+-------+-----------+-------+
| Slice                                                       |      4931 |     0 |     50950 |  9.67 |
| LUT as Logic                                                |     13210 |     0 |    203800 |  6.48 |
|   using O5 output only                                      |         0 |       |           |       |
|   using O6 output only                                      |     11705 |       |           |       |
|   using O5 and O6                                           |      1505 |       |           |       |
| LUT as Memory                                               |       441 |     0 |     64000 |  0.68 |
|   LUT as Distributed RAM                                    |       440 |     0 |           |       |
|     using O5 output only                                    |         0 |       |           |       |
|     using O6 output only                                    |         0 |       |           |       |
|     using O5 and O6                                         |       440 |       |           |       |
|   LUT as Shift Register                                     |         1 |     0 |           |       |
|     using O5 output only                                    |         0 |       |           |       |
|     using O6 output only                                    |         1 |       |           |       |
|     using O5 and O6                                         |         0 |       |           |       |
| LUT Flip Flop Pairs                                         |     16798 |     0 |    203800 |  8.24 |
|   fully used LUT-FF pairs                                   |      9431 |       |           |       |
|   LUT-FF pairs with unused LUT                              |      3147 |       |           |       |
|   LUT-FF pairs with unused Flip Flop                        |      4220 |       |           |       |
| Unique Control Sets                                         |       223 |       |           |       |
| Minimum number of registers lost to control set restriction | 825(Lost) |       |           |       |
+-------------------------------------------------------------+-----------+-------+-----------+-------+


3. Memory
---------

+-----------------+------+-------+-----------+-------+
|    Site Type    | Used | Loced | Available | Util% |
+-----------------+------+-------+-----------+-------+
| RAMB36/FIFO36   |   16 |     0 |       445 |  3.59 |
|   RAMB36E1 only |   16 |       |           |       |
| RAMB18/FIFO18   |    0 |     0 |       890 |  0.00 |
+-----------------+------+-------+-----------+-------+


4. DSP
------

+-----------+------+-------+-----------+-------+
| Site Type | Used | Loced | Available | Util% |
+-----------+------+-------+-----------+-------+
| DSPs      |    0 |     0 |       840 |  0.00 |
+-----------+------+-------+-----------+-------+


5. IO and GTX Specific
----------------------

+-----------------------------+------+-------+-----------+-------+
|          Site Type          | Used | Loced | Available | Util% |
+-----------------------------+------+-------+-----------+-------+
| Bonded IOB                  |   37 |    37 |       500 |  7.40 |
|   IOB Master Pads           |   15 |       |           |       |
|   IOB Slave Pads            |   15 |       |           |       |
| Bonded IPADs                |    2 |     2 |        50 |  4.00 |
| Bonded OPADs                |    0 |     0 |        32 |  0.00 |
| GTXE2_CHANNEL               |    0 |     0 |        16 |  0.00 |
| GTXE2_COMMON                |    0 |     0 |         4 |  0.00 |
| IBUFGDS                     |    0 |     0 |       480 |  0.00 |
| IDELAYCTRL                  |    1 |     0 |        10 | 10.00 |
| IN_FIFO                     |    0 |     0 |        40 |  0.00 |
| OUT_FIFO                    |    0 |     0 |        40 |  0.00 |
| PHASER_REF                  |    0 |     0 |        10 |  0.00 |
| PHY_CONTROL                 |    0 |     0 |        10 |  0.00 |
| PHASER_OUT/PHASER_OUT_PHY   |    0 |     0 |        40 |  0.00 |
| PHASER_IN/PHASER_IN_PHY     |    0 |     0 |        40 |  0.00 |
| IDELAYE2/IDELAYE2_FINEDELAY |    1 |     1 |       500 |  0.20 |
|   IDELAYE2 only             |    1 |     1 |           |       |
| ODELAYE2/ODELAYE2_FINEDELAY |    0 |     0 |       150 |  0.00 |
| IBUFDS_GTE2                 |    1 |     1 |         8 | 12.50 |
| ILOGIC                      |    0 |     0 |       500 |  0.00 |
| OLOGIC                      |   11 |    11 |       500 |  2.20 |
|   OUTFF_ODDR_Register       |   11 |    11 |           |       |
+-----------------------------+------+-------+-----------+-------+


6. Clocking
-----------

+------------+------+-------+-----------+-------+
|  Site Type | Used | Loced | Available | Util% |
+------------+------+-------+-----------+-------+
| BUFGCTRL   |    2 |     0 |        32 |  6.25 |
| BUFIO      |    0 |     0 |        40 |  0.00 |
| MMCME2_ADV |    0 |     0 |        10 |  0.00 |
| PLLE2_ADV  |    0 |     0 |        10 |  0.00 |
| BUFMRCE    |    0 |     0 |        20 |  0.00 |
| BUFHCE     |    0 |     0 |       168 |  0.00 |
| BUFR       |    1 |     0 |        40 |  2.50 |
+------------+------+-------+-----------+-------+


7. Specific Feature
-------------------

+-------------+------+-------+-----------+-------+
|  Site Type  | Used | Loced | Available | Util% |
+-------------+------+-------+-----------+-------+
| BSCANE2     |    0 |     0 |         4 |  0.00 |
| CAPTUREE2   |    0 |     0 |         1 |  0.00 |
| DNA_PORT    |    0 |     0 |         1 |  0.00 |
| EFUSE_USR   |    0 |     0 |         1 |  0.00 |
| FRAME_ECCE2 |    0 |     0 |         1 |  0.00 |
| ICAPE2      |    0 |     0 |         2 |  0.00 |
| PCIE_2_1    |    0 |     0 |         1 |  0.00 |
| STARTUPE2   |    0 |     0 |         1 |  0.00 |
| XADC        |    0 |     0 |         1 |  0.00 |
+-------------+------+-------+-----------+-------+


8. Primitives
-------------

+-------------+-------+
|   Ref Name  |  Used |
+-------------+-------+
| FDRE        | 13807 |
| LUT6        |  7239 |
| LUT5        |  3732 |
| LUT3        |  1685 |
| LUT4        |  1405 |
| RAMD32      |   660 |
| LUT2        |   491 |
| FDCE        |   276 |
| FDSE        |   272 |
| RAMS32      |   220 |
| LUT1        |   163 |
| CARRY4      |   135 |
| OBUF        |    20 |
| IBUF        |    17 |
| RAMB36E1    |    16 |
| FDPE        |    16 |
| ODDR        |    11 |
| MUXF7       |     2 |
| BUFG        |     2 |
| SRL16E      |     1 |
| IDELAYE2    |     1 |
| IDELAYCTRL  |     1 |
| IBUFDS_GTE2 |     1 |
| IBUFDS      |     1 |
| BUFR        |     1 |
+-------------+-------+


9. Black Boxes
--------------

+----------+------+
| Ref Name | Used |
+----------+------+


10. Instantiated Netlists
-------------------------

+----------+------+
| Ref Name | Used |
+----------+------+


