
*** Running vivado
    with args -log fpgaTop.rdi -applog -m64 -messageDb vivado.pb -mode batch -source fpgaTop.tcl -notrace


****** Vivado v2013.1 (64-bit)
  **** Build 248050 by xbuild on Wed Mar 27 17:11:51 MDT 2013
    ** Copyright 1986-1999, 2001-2013 Xilinx, Inc. All Rights Reserved.

INFO: [Common 17-81] Feature available: Implementation
INFO: [Common 17-81] Feature available: Synthesis
INFO: [Device 21-36] Loading parts and site information from /opt/Xilinx/Vivado/2013.1/data/parts/arch.xml
Parsing RTL primitives file [/opt/Xilinx/Vivado/2013.1/data/parts/xilinx/rtl/prims/rtl_prims.xml]
Finished parsing RTL primitives file [/opt/Xilinx/Vivado/2013.1/data/parts/xilinx/rtl/prims/rtl_prims.xml]
INFO: [Common 17-362] Using Tcl App repository from '/opt/Xilinx/Vivado/2013.1/data/XilinxTclStore'.
INFO: [Common 17-364] Updating Tcl app persistent manifest '/home/cms005/.Xilinx/Vivado/tclapp/manifest.tcl'
source fpgaTop.tcl -notrace
Design is defaulting to srcset: sources_1
Design is defaulting to constrset: constrs_1
INFO: [Netlist 29-17] Analyzing 152 Unisim elements for replacement
INFO: [Netlist 29-28] Unisim Transformation completed in 0 CPU seconds
Loading clock regions from /opt/Xilinx/Vivado/2013.1/data/parts/xilinx/kintex7/kintex7/xc7k325t/ClockRegion.xml
Loading clock buffers from /opt/Xilinx/Vivado/2013.1/data/parts/xilinx/kintex7/kintex7/xc7k325t/ClockBuffers.xml
Loading clock placement rules from /opt/Xilinx/Vivado/2013.1/data/parts/xilinx/kintex7/ClockPlacerRules.xml
Loading package pin functions from /opt/Xilinx/Vivado/2013.1/data/parts/xilinx/kintex7/PinFunctions.xml...
Loading package from /opt/Xilinx/Vivado/2013.1/data/parts/xilinx/kintex7/kintex7/xc7k325t/ffg900/Package.xml
Loading io standards from /opt/Xilinx/Vivado/2013.1/data/./parts/xilinx/kintex7/IOStandards.xml
Loading device configuration modes from /opt/Xilinx/Vivado/2013.1/data/parts/xilinx/kintex7/ConfigModes.xml
Loading list of drcs for the architecture : /opt/Xilinx/Vivado/2013.1/data/./parts/xilinx/kintex7/drc.xml


Parsing XDC File [/home/cms005/Desktop/cms_v2/vivado/project_12/project_12.runs/impl_1/.Xil/Vivado-31896-centipede.ddns.uark.edu/dcp/fpgaTop.xdc]
Finished Parsing XDC File [/home/cms005/Desktop/cms_v2/vivado/project_12/project_12.runs/impl_1/.Xil/Vivado-31896-centipede.ddns.uark.edu/dcp/fpgaTop.xdc]
Parsing XDC File [/home/cms005/Desktop/cms_v2/vivado/project_12/project_12.srcs/constrs_1/imports/constrs/kc705.xdc]
Finished Parsing XDC File [/home/cms005/Desktop/cms_v2/vivado/project_12/project_12.srcs/constrs_1/imports/constrs/kc705.xdc]
closing all dcps
INFO: [Project 1-111] Unisim Transformation Summary:
  A total of 110 instances were transformed.
  RAM32M => RAM32M (RAMD32, RAMD32, RAMD32, RAMD32, RAMD32, RAMD32, RAMS32, RAMS32): 110 instances

Phase 0 | Netlist Checksum: 3de30e8d
link_design: Time (s): cpu = 00:00:31 ; elapsed = 00:00:32 . Memory (MB): peak = 819.938 ; gain = 670.109
Command: opt_design
INFO: [Common 17-347] Attempting to get a license for feature 'Implementation' and/or device 'xc7k325t'
INFO: [Common 17-349] Got license for feature 'Implementation' and/or device 'xc7k325t'
INFO: [Common 17-86] Your Implementation license expires in 4 day(s)
Running DRC as a precondition to command opt_design
INFO: [Project 1-461] DRC finished with 0 Errors
INFO: [Project 1-462] Please refer to the DRC report (report_drc) for more information.
INFO: [Timing 38-35] Done setting XDC timing constraints.

Starting Logic Optimization Task
Logic Optimization | Checksum: 295dc447

Phase 1 Retarget

INFO: [Opt 31-49] Retargeted 0 cell(s).
Phase 1 Retarget | Checksum: 2216573a

Time (s): cpu = 00:00:00.52 ; elapsed = 00:00:00.62 . Memory (MB): peak = 870.816 ; gain = 0.000

Phase 2 Constant Propagation
INFO: [Opt 31-10] Eliminated 172 cells.
Phase 2 Constant Propagation | Checksum: 900edf21

Time (s): cpu = 00:00:03 ; elapsed = 00:00:03 . Memory (MB): peak = 870.816 ; gain = 0.000

Phase 3 Sweep
INFO: [Opt 31-12] Eliminated 1070 unconnected nets.
INFO: [Opt 31-11] Eliminated 1 unconnected cells.
Phase 3 Sweep | Checksum: 088eda6b

Time (s): cpu = 00:00:04 ; elapsed = 00:00:04 . Memory (MB): peak = 870.816 ; gain = 0.000
Ending Logic Optimization Task | Checksum: 3611cfbc

Time (s): cpu = 00:00:04 ; elapsed = 00:00:04 . Memory (MB): peak = 870.816 ; gain = 0.000
INFO: [Timing 38-35] Done setting XDC timing constraints.

Starting Power Optimization Task
INFO: [Pwropt 34-9] Applying IDT optimizations ...
INFO: [Pwropt 34-10] Applying ODC optimizations ...

INFO: [Pwropt 34-162] WRITE_MODE attribute of 0 BRAM(s) out of a total of 16 was updated to NO_CHANGE to save power.
    Run report_power_opt to get a complete listing of the BRAMs updated.
Number of BRAM Ports augmented: 0 newly gated: 0 Total Ports: 32
Ending Power Optimization Task | Checksum: 3611cfbc

Time (s): cpu = 00:00:19 ; elapsed = 00:00:14 . Memory (MB): peak = 1045.078 ; gain = 151.129
INFO: [Common 17-83] Releasing license: Implementation
18 Infos, 0 Warnings, 0 Critical Warnings and 0 Errors encountered.
opt_design completed successfully
opt_design: Time (s): cpu = 00:00:31 ; elapsed = 00:00:25 . Memory (MB): peak = 1045.078 ; gain = 225.141
Writing XDEF routing.
Writing XDEF routing logical nets.
Writing XDEF routing special nets.
Write XDEF Complete: Time (s): cpu = 00:00:00.46 ; elapsed = 00:00:00.48 . Memory (MB): peak = 1045.078 ; gain = 0.000
Command: place_design
INFO: [Common 17-347] Attempting to get a license for feature 'Implementation' and/or device 'xc7k325t'
INFO: [Common 17-349] Got license for feature 'Implementation' and/or device 'xc7k325t'
INFO: [Common 17-86] Your Implementation license expires in 4 day(s)
Running DRC as a precondition to command place_design
INFO: [Vivado_Tcl 4-198] DRC finished with 0 Errors
INFO: [Vivado_Tcl 4-199] Please refer to the DRC report (report_drc) for more information.

Starting Placer Task
INFO: [Place 30-611] Multithreading enabled for place_design using a maximum of 2 CPUs

Phase 1 Mandatory Logic Optimization
Netlist sorting complete. Time (s): cpu = 00:00:00.06 ; elapsed = 00:00:00.06 . Memory (MB): peak = 1045.078 ; gain = 0.000
Phase 1 Mandatory Logic Optimization | Checksum: 103005941

Time (s): cpu = 00:00:01 ; elapsed = 00:00:01 . Memory (MB): peak = 1045.078 ; gain = 0.000

Phase 2 Build SLR Info
Phase 2 Build SLR Info | Checksum: 103005941

Time (s): cpu = 00:00:01 ; elapsed = 00:00:01 . Memory (MB): peak = 1045.078 ; gain = 0.000

Phase 3 Add Constraints
Phase 3 Add Constraints | Checksum: 103005941

Time (s): cpu = 00:00:01 ; elapsed = 00:00:01 . Memory (MB): peak = 1045.078 ; gain = 0.000

Phase 4 Build Shapes
Phase 4 Build Shapes | Checksum: deb3405a

Time (s): cpu = 00:00:03 ; elapsed = 00:00:03 . Memory (MB): peak = 1045.078 ; gain = 0.000

Phase 5 Implementation Feasibility check
Phase 5 Implementation Feasibility check | Checksum: deb3405a

Time (s): cpu = 00:00:06 ; elapsed = 00:00:06 . Memory (MB): peak = 1045.078 ; gain = 0.000

Phase 6 PrePlace Elements
Phase 6 PrePlace Elements | Checksum: deb3405a

Time (s): cpu = 00:00:06 ; elapsed = 00:00:06 . Memory (MB): peak = 1045.078 ; gain = 0.000

Phase 7 Placer Initialization

Phase 7.1 IO & Clk Placer & Init
Phase 7.1 IO & Clk Placer & Init | Checksum: deb3405a

Time (s): cpu = 00:00:11 ; elapsed = 00:00:11 . Memory (MB): peak = 1055.082 ; gain = 10.004

Phase 7.2 Build Placer Netlist

Phase 7.2.1 Place Init Design

Phase 7.2.1.1 Build Clock Data
Phase 7.2.1.1 Build Clock Data | Checksum: d8923c96

Time (s): cpu = 00:00:35 ; elapsed = 00:00:30 . Memory (MB): peak = 1055.082 ; gain = 10.004
Phase 7.2.1 Place Init Design | Checksum: 12f73620d

Time (s): cpu = 00:00:37 ; elapsed = 00:00:32 . Memory (MB): peak = 1055.082 ; gain = 10.004
Phase 7.2 Build Placer Netlist | Checksum: 12f73620d

Time (s): cpu = 00:00:37 ; elapsed = 00:00:32 . Memory (MB): peak = 1055.082 ; gain = 10.004

Phase 7.3 Constrain Clocks
Phase 7.3 Constrain Clocks | Checksum: f2172304

Time (s): cpu = 00:00:37 ; elapsed = 00:00:32 . Memory (MB): peak = 1055.082 ; gain = 10.004
Phase 7 Placer Initialization | Checksum: f2172304

Time (s): cpu = 00:00:37 ; elapsed = 00:00:33 . Memory (MB): peak = 1055.082 ; gain = 10.004

Phase 8 Global Placement
Phase 8 Global Placement | Checksum: 7441a702

Time (s): cpu = 00:02:02 ; elapsed = 00:01:29 . Memory (MB): peak = 1055.082 ; gain = 10.004

Phase 9 Detail Placement

Phase 9.1 Commit Multi Column shapes
Phase 9.1 Commit Multi Column shapes | Checksum: 7441a702

Time (s): cpu = 00:02:02 ; elapsed = 00:01:29 . Memory (MB): peak = 1055.082 ; gain = 10.004

Phase 9.2 Commit Most Shapes & LUTRAMs
Phase 9.2 Commit Most Shapes & LUTRAMs | Checksum: 9bf8166a

Time (s): cpu = 00:02:12 ; elapsed = 00:01:36 . Memory (MB): peak = 1055.082 ; gain = 10.004

Phase 9.3 Area Swap
Phase 9.3 Area Swap | Checksum: 8a3039ea

Time (s): cpu = 00:02:13 ; elapsed = 00:01:37 . Memory (MB): peak = 1055.082 ; gain = 10.004

Phase 9.4 Path Optimizer
Phase 9.4 Path Optimizer | Checksum: e4a3c6e0

Time (s): cpu = 00:02:21 ; elapsed = 00:01:42 . Memory (MB): peak = 1055.082 ; gain = 10.004

Phase 9.5 Commit Small Shapes
Phase 9.5 Commit Small Shapes | Checksum: 71765323

Time (s): cpu = 00:02:36 ; elapsed = 00:01:55 . Memory (MB): peak = 1058.117 ; gain = 13.039

Phase 9.6 Assign LUT pins
Phase 9.6 Assign LUT pins | Checksum: 71765323

Time (s): cpu = 00:02:37 ; elapsed = 00:01:56 . Memory (MB): peak = 1058.117 ; gain = 13.039
Phase 9 Detail Placement | Checksum: 71765323

Time (s): cpu = 00:02:37 ; elapsed = 00:01:56 . Memory (MB): peak = 1058.117 ; gain = 13.039

Phase 10 Post-Commit Opt
Phase 10 Post-Commit Opt | Checksum: ce794cfa

Time (s): cpu = 00:02:48 ; elapsed = 00:02:03 . Memory (MB): peak = 1068.785 ; gain = 23.707

Phase 11 PostPlace Cleanup
Phase 11 PostPlace Cleanup | Checksum: ce794cfa

Time (s): cpu = 00:02:48 ; elapsed = 00:02:03 . Memory (MB): peak = 1068.785 ; gain = 23.707

Phase 12 Placer Reporting
INFO: [Place 30-100] Post Placement Timing Summary | WNS=1.842  | TNS=0.000  |

Phase 12 Placer Reporting | Checksum: 88717172

Time (s): cpu = 00:02:55 ; elapsed = 00:02:08 . Memory (MB): peak = 1068.785 ; gain = 23.707

Phase 13 Cleanup
Phase 13 Cleanup | Checksum: 7c2201e4

Time (s): cpu = 00:02:55 ; elapsed = 00:02:08 . Memory (MB): peak = 1068.785 ; gain = 23.707
Ending Placer Task | Checksum: da8e09d6

Time (s): cpu = 00:02:55 ; elapsed = 00:02:08 . Memory (MB): peak = 1068.785 ; gain = 23.707
INFO: [Common 17-83] Releasing license: Implementation
26 Infos, 0 Warnings, 0 Critical Warnings and 0 Errors encountered.
place_design completed successfully
place_design: Time (s): cpu = 00:02:56 ; elapsed = 00:02:09 . Memory (MB): peak = 1068.785 ; gain = 23.707
INFO: [Timing 38-163] DEBUG : Generate clock report | CPU: 0.77 secs 

report_utilization: Time (s): cpu = 00:00:00.43 ; elapsed = 00:00:00.53 . Memory (MB): peak = 1068.785 ; gain = 0.000
INFO: [Designutils 20-134] DEBUG : Generate Control Sets report | CPU: 0.05 secs 
Writing XDEF routing.
Writing XDEF routing logical nets.
Writing XDEF routing special nets.
Write XDEF Complete: Time (s): cpu = 00:00:03 ; elapsed = 00:00:03 . Memory (MB): peak = 1068.785 ; gain = 0.000
write_checkpoint: Time (s): cpu = 00:00:05 ; elapsed = 00:00:05 . Memory (MB): peak = 1068.785 ; gain = 0.000
Command: route_design
INFO: [Common 17-347] Attempting to get a license for feature 'Implementation' and/or device 'xc7k325t'
INFO: [Common 17-349] Got license for feature 'Implementation' and/or device 'xc7k325t'
INFO: [Common 17-86] Your Implementation license expires in 4 day(s)
Running DRC as a precondition to command route_design
INFO: [Vivado_Tcl 4-198] DRC finished with 0 Errors
INFO: [Vivado_Tcl 4-199] Please refer to the DRC report (report_drc) for more information.


Starting Routing Task
INFO: [Route 35-254] Multithreading enabled for route_design using a maximum of 2 CPUs

Starting Route Task

Phase 1 Build RT Design

Phase 1.1 Build Netlist & NodeGraph (MT)
Netlist sorting complete. Time (s): cpu = 00:00:00.12 ; elapsed = 00:00:00.08 . Memory (MB): peak = 1068.910 ; gain = 0.000
Phase 1.1 Build Netlist & NodeGraph (MT) | Checksum: 0

Time (s): cpu = 00:01:54 ; elapsed = 00:01:21 . Memory (MB): peak = 1237.836 ; gain = 168.926
Phase 1 Build RT Design | Checksum: 0

Time (s): cpu = 00:01:55 ; elapsed = 00:01:21 . Memory (MB): peak = 1237.836 ; gain = 168.926

Phase 2 Router Initialization

Phase 2.1 Create Timer
Phase 2.1 Create Timer | Checksum: ab7f7d91

Time (s): cpu = 00:01:55 ; elapsed = 00:01:22 . Memory (MB): peak = 1244.477 ; gain = 175.566
INFO: [Route 35-23] Estimated Global Vertical Wire Utilization = 0.69 %
INFO: [Route 35-22] Estimated Global Horizontal Wire Utilization = 1.33 %

Phase 2.2 Restore Routing
INFO: [Route 35-249] Design has 23881 routable nets.
INFO: [Route 35-252] Restored 0 nets from the routeDb.
INFO: [Route 35-251] Found 0 nets with FIXED_ROUTE property.
Phase 2.2 Restore Routing | Checksum: ab7f7d91

Time (s): cpu = 00:01:55 ; elapsed = 00:01:22 . Memory (MB): peak = 1248.508 ; gain = 179.598

Phase 2.3 Special Net Routing
 Number of Wires with overlaps = 0
Phase 2.3 Special Net Routing | Checksum: dda203de

Time (s): cpu = 00:01:57 ; elapsed = 00:01:24 . Memory (MB): peak = 1288.820 ; gain = 219.910

Phase 2.4 Local Clock Net Routing
Phase 2.4 Local Clock Net Routing | Checksum: dda203de

Time (s): cpu = 00:01:57 ; elapsed = 00:01:24 . Memory (MB): peak = 1288.820 ; gain = 219.910

Phase 2.5 Update Timing

Phase 2.5.1 Update timing with NCN CRPR

Phase 2.5.1.1 Hold Budgeting
Phase 2.5.1.1 Hold Budgeting | Checksum: dda203de

Time (s): cpu = 00:02:15 ; elapsed = 00:01:36 . Memory (MB): peak = 1288.820 ; gain = 219.910
Phase 2.5.1 Update timing with NCN CRPR | Checksum: dda203de

Time (s): cpu = 00:02:15 ; elapsed = 00:01:36 . Memory (MB): peak = 1288.820 ; gain = 219.910
Phase 2.5 Update Timing | Checksum: dda203de

Time (s): cpu = 00:02:15 ; elapsed = 00:01:36 . Memory (MB): peak = 1288.820 ; gain = 219.910
INFO: [Route 35-57] Estimated Timing Summary | WNS=2.11   | TNS=0      | WHS=-0.88  | THS=-1.05e+03|


Phase 2.6 Budgeting
Phase 2.6 Budgeting | Checksum: dda203de

Time (s): cpu = 00:02:24 ; elapsed = 00:01:43 . Memory (MB): peak = 1288.820 ; gain = 219.910
Phase 2 Router Initialization | Checksum: dda203de

Time (s): cpu = 00:02:24 ; elapsed = 00:01:43 . Memory (MB): peak = 1288.820 ; gain = 219.910

Phase 3 Initial Routing
Phase 3 Initial Routing | Checksum: f85ba5ac

Time (s): cpu = 00:02:34 ; elapsed = 00:01:48 . Memory (MB): peak = 1288.820 ; gain = 219.910

Phase 4 Rip-up And Reroute

Phase 4.1 Global Iteration 0
 Number of Wires with overlaps = 2980
 Number of Wires with overlaps = 118
 Number of Wires with overlaps = 1
 Number of Wires with overlaps = 0

Phase 4.1.1 Update Timing
Phase 4.1.1 Update Timing | Checksum: 9feea8ba

Time (s): cpu = 00:02:53 ; elapsed = 00:02:00 . Memory (MB): peak = 1288.820 ; gain = 219.910
INFO: [Route 35-57] Estimated Timing Summary | WNS=1.14   | TNS=0      | WHS=N/A    | THS=N/A    |


Phase 4.1.2 collectNewHoldAndFix
Phase 4.1.2 collectNewHoldAndFix | Checksum: 9feea8ba

Time (s): cpu = 00:02:53 ; elapsed = 00:02:00 . Memory (MB): peak = 1288.820 ; gain = 219.910
Phase 4.1 Global Iteration 0 | Checksum: 9feea8ba

Time (s): cpu = 00:02:53 ; elapsed = 00:02:00 . Memory (MB): peak = 1288.820 ; gain = 219.910
Phase 4 Rip-up And Reroute | Checksum: 9feea8ba

Time (s): cpu = 00:02:53 ; elapsed = 00:02:00 . Memory (MB): peak = 1288.820 ; gain = 219.910

Phase 5 Delay CleanUp

Phase 5.1 Update Timing
Phase 5.1 Update Timing | Checksum: 9feea8ba

Time (s): cpu = 00:02:57 ; elapsed = 00:02:03 . Memory (MB): peak = 1288.820 ; gain = 219.910
INFO: [Route 35-57] Estimated Timing Summary | WNS=1.14   | TNS=0      | WHS=N/A    | THS=N/A    |

Phase 5 Delay CleanUp | Checksum: 9feea8ba

Time (s): cpu = 00:02:57 ; elapsed = 00:02:03 . Memory (MB): peak = 1288.820 ; gain = 219.910

Phase 6 Post Hold Fix

Phase 6.1 Full Hold Analysis

Phase 6.1.1 Update Timing
Phase 6.1.1 Update Timing | Checksum: 9feea8ba

Time (s): cpu = 00:03:04 ; elapsed = 00:02:07 . Memory (MB): peak = 1288.820 ; gain = 219.910
INFO: [Route 35-57] Estimated Timing Summary | WNS=1.14   | TNS=0      | WHS=-0.899 | THS=-22.9  |

Phase 6.1 Full Hold Analysis | Checksum: 9feea8ba

Time (s): cpu = 00:03:04 ; elapsed = 00:02:07 . Memory (MB): peak = 1288.820 ; gain = 219.910
Phase 6 Post Hold Fix | Checksum: 7a0a14c7

Time (s): cpu = 00:03:12 ; elapsed = 00:02:12 . Memory (MB): peak = 1288.820 ; gain = 219.910


  CostCode Usage Stats for the entire design:
  +----------+----------------------+------------+-----------+-------+
  | CostCode |         Name         | TotalCount | UsedCount | Usage |
  +----------+----------------------+------------+-----------+-------+
  |     0    | GENERIC              |       3139 |        18 |  0.57 |
  |     1    | DOUBLE               |    1016000 |     28348 |  2.79 |
  |     2    | INPUT                |     861760 |     11794 |  1.37 |
  |     3    | BENTQUAD             |     508000 |      3091 |  0.61 |
  |     4    | SLOWSINGLE           |       7448 |        10 |  0.13 |
  |     5    | CLKPIN               |      65832 |      4976 |  7.56 |
  |     6    | GLOBAL               |     397852 |      2830 |  0.71 |
  |     7    | OUTPUT               |     906089 |     28481 |  3.14 |
  |     8    | PINFEED              |    2269836 |     92489 |  4.07 |
  |     9    | BOUNCEIN             |     286750 |      6673 |  2.33 |
  |    10    | LUTINPUT             |    1222800 |     82619 |  6.76 |
  |    11    | IOBOUTPUT            |      11860 |        46 |  0.39 |
  |    12    | BOUNCEACROSS         |     285750 |      3499 |  1.22 |
  |    13    | VLONG                |      31750 |        86 |  0.27 |
  |    14    | OUTBOUND             |     883943 |     23921 |  2.71 |
  |    15    | HLONG                |      31750 |        50 |  0.16 |
  |    16    | PINBOUNCE            |     508000 |     16652 |  3.28 |
  |    17    | BUFGROUT             |         72 |         5 |  6.94 |
  |    18    | PINFEEDR             |          0 |         0 |  0.00 |
  |    19    | OPTDELAY             |      12000 |         0 |  0.00 |
  |    20    | IOBIN2OUT            |       2500 |        46 |  1.84 |
  |    21    | HQUAD                |     254000 |      3146 |  1.24 |
  |    22    | IOBINPUT             |      15400 |        18 |  0.12 |
  |    23    | PADINPUT             |       2200 |        33 |  1.50 |
  |    24    | PADOUTPUT            |       1700 |        15 |  0.88 |
  |    25    | VLONG12              |      31750 |        63 |  0.20 |
  |    26    | HVCCGNDOUT           |      64340 |      1356 |  2.11 |
  |    27    | SVLONG               |          0 |         0 |  0.00 |
  |    28    | VQUAD                |     254000 |      2774 |  1.09 |
  |    29    | SINGLE               |    1016000 |     42207 |  4.15 |
  |    30    | BUFINP2OUT           |        168 |        10 |  5.95 |
  |    31    | REFCLK               |         10 |         2 | 20.00 |
  +----------+----------------------+------------+-----------+-------+
  | ****                TOTAL       |   10952699 |    355258 |  3.24 |
  +----------+----------------------+------------+-----------+-------+
  Global Vertical Wire Utilization    = 1.21163 %
  Global Horizontal Wire Utilization  = 1.56237 %
  Total Num Pips                      = 330023
  Number of Open Nets                 = 0
  Number of Pin Open Nets             = 0

Phase 7 Verifying routed nets

 Verification completed successfully
Phase 7 Verifying routed nets | Checksum: 7a0a14c7

Time (s): cpu = 00:03:12 ; elapsed = 00:02:12 . Memory (MB): peak = 1288.820 ; gain = 219.910

Phase 8 Depositing Routes
Phase 8 Depositing Routes | Checksum: d858efbc

Time (s): cpu = 00:03:16 ; elapsed = 00:02:16 . Memory (MB): peak = 1288.820 ; gain = 219.910

Phase 9 Post Router Timing
INFO: [Route 35-20] Post Routing Timing Summary | WNS=1.128  | TNS=0.000  | WHS=0.058  | THS=0.000  |

INFO: [Route 35-61] The design met the timing requirement.
Phase 9 Post Router Timing | Checksum: 0

Time (s): cpu = 00:03:32 ; elapsed = 00:02:27 . Memory (MB): peak = 1288.820 ; gain = 219.910
INFO: [Route 35-16] Router Completed Successfully
Ending Route Task | Checksum: 0

Time (s): cpu = 00:03:32 ; elapsed = 00:02:27 . Memory (MB): peak = 1288.820 ; gain = 219.910

Routing Is Done.
INFO: [Project 1-118] WebTalk data collection is enabled (User setting is ON. Install Setting is ON.).
sh: -c: line 0: syntax error near unexpected token `('
sh: -c: line 0: `/opt/Xilinx/Vivado/2013.1/bin/unwrapped/lnx64.o/xilcurl --cacert /opt/Xilinx/Vivado/2013.1/data/webtalk/cacert.pem --max-time 3 -F file_loc=@"/home/cms005/Desktop/cms_v2/vivado/project_12/project_12.runs/impl_1/usage_statistics_webtalk.xml" -F domain=(none) -F regid=No user information available. -F access=l0gic https://xapps2.xilinx.com/cgi-bin/webtalk.cgi >& ./.Xil/Vivado-31896-centipede.ddns.uark.edu/wt/transmit.log'
INFO: [Common 17-185] WebTalk report has not been sent to Xilinx. Please check your network and proxy settings.

Time (s): cpu = 00:03:33 ; elapsed = 00:02:29 . Memory (MB): peak = 1288.820 ; gain = 219.910
INFO: [Common 17-83] Releasing license: Implementation
49 Infos, 0 Warnings, 0 Critical Warnings and 0 Errors encountered.
route_design completed successfully
route_design: Time (s): cpu = 00:03:35 ; elapsed = 00:02:31 . Memory (MB): peak = 1288.820 ; gain = 220.035
INFO: [Coretcl 2-168] The results of DRC are in file /home/cms005/Desktop/cms_v2/vivado/project_12/project_12.runs/impl_1/fpgaTop_drc_routed.rpt.
report_drc: Time (s): cpu = 00:00:10 ; elapsed = 00:00:11 . Memory (MB): peak = 1288.820 ; gain = 0.000
Running Vector-less Activity Propagation...

Finished Running Vector-less Activity Propagation
report_power: Time (s): cpu = 00:00:33 ; elapsed = 00:00:29 . Memory (MB): peak = 1288.820 ; gain = 0.000
INFO: [Timing 38-91] UpdateTimingParams: Speed grade: -2, Delay Type: min_max, Constraints type: SDC.
INFO: [Timing 38-191] Multithreading enabled for timing update using a maximum of 2 CPUs
report_timing_summary: Time (s): cpu = 00:00:26 ; elapsed = 00:00:18 . Memory (MB): peak = 1288.820 ; gain = 0.000
Writing XDEF routing.
Writing XDEF routing logical nets.
Writing XDEF routing special nets.
Write XDEF Complete: Time (s): cpu = 00:00:05 ; elapsed = 00:00:06 . Memory (MB): peak = 1288.820 ; gain = 0.000
write_checkpoint: Time (s): cpu = 00:00:07 ; elapsed = 00:00:08 . Memory (MB): peak = 1288.820 ; gain = 0.000
INFO: [Common 17-206] Exiting Vivado at Wed Jun 26 18:05:37 2013...

*** Running vivado
    with args -log fpgaTop.rdi -applog -m64 -messageDb vivado.pb -mode batch -source fpgaTop.tcl -notrace


****** Vivado v2013.1 (64-bit)
  **** Build 248050 by xbuild on Wed Mar 27 17:11:51 MDT 2013
    ** Copyright 1986-1999, 2001-2013 Xilinx, Inc. All Rights Reserved.

INFO: [Common 17-81] Feature available: Implementation
INFO: [Common 17-81] Feature available: Synthesis
INFO: [Device 21-36] Loading parts and site information from /opt/Xilinx/Vivado/2013.1/data/parts/arch.xml
Parsing RTL primitives file [/opt/Xilinx/Vivado/2013.1/data/parts/xilinx/rtl/prims/rtl_prims.xml]
Finished parsing RTL primitives file [/opt/Xilinx/Vivado/2013.1/data/parts/xilinx/rtl/prims/rtl_prims.xml]
INFO: [Common 17-362] Using Tcl App repository from '/opt/Xilinx/Vivado/2013.1/data/XilinxTclStore'.
INFO: [Common 17-364] Updating Tcl app persistent manifest '/home/cms005/.Xilinx/Vivado/tclapp/manifest.tcl'
source fpgaTop.tcl -notrace
Command: read_checkpoint fpgaTop_routed.dcp
INFO: [Netlist 29-17] Analyzing 155 Unisim elements for replacement
INFO: [Netlist 29-28] Unisim Transformation completed in 0 CPU seconds
Loading clock regions from /opt/Xilinx/Vivado/2013.1/data/parts/xilinx/kintex7/kintex7/xc7k325t/ClockRegion.xml
Loading clock buffers from /opt/Xilinx/Vivado/2013.1/data/parts/xilinx/kintex7/kintex7/xc7k325t/ClockBuffers.xml
Loading clock placement rules from /opt/Xilinx/Vivado/2013.1/data/parts/xilinx/kintex7/ClockPlacerRules.xml
Loading package pin functions from /opt/Xilinx/Vivado/2013.1/data/parts/xilinx/kintex7/PinFunctions.xml...
Loading package from /opt/Xilinx/Vivado/2013.1/data/parts/xilinx/kintex7/kintex7/xc7k325t/ffg900/Package.xml
Loading io standards from /opt/Xilinx/Vivado/2013.1/data/./parts/xilinx/kintex7/IOStandards.xml
Loading device configuration modes from /opt/Xilinx/Vivado/2013.1/data/parts/xilinx/kintex7/ConfigModes.xml
Loading list of drcs for the architecture : /opt/Xilinx/Vivado/2013.1/data/./parts/xilinx/kintex7/drc.xml


Parsing XDC File [/home/cms005/Desktop/cms_v2/vivado/project_12/project_12.runs/impl_1/.Xil/Vivado-12831-centipede.ddns.uark.edu/dcp/fpgaTop.xdc]
Finished Parsing XDC File [/home/cms005/Desktop/cms_v2/vivado/project_12/project_12.runs/impl_1/.Xil/Vivado-12831-centipede.ddns.uark.edu/dcp/fpgaTop.xdc]
Reading XDEF placement.
Reading XDEF routing.
Read XDEF File: Time (s): cpu = 00:00:02 ; elapsed = 00:00:02 . Memory (MB): peak = 832.086 ; gain = 12.156
Restoring placement.
Restored 5515 out of 5515 XDEF sites from archive | CPU: 6.710000 secs | Memory: 47.791939 MB |
INFO: [Project 1-111] Unisim Transformation Summary:
  A total of 113 instances were transformed.
  RAM32M => RAM32M (RAMD32, RAMD32, RAMD32, RAMD32, RAMD32, RAMD32, RAMS32, RAMS32): 110 instances
  WIRE => IBUF: 3 instances

Phase 0 | Netlist Checksum: 71317421
read_checkpoint: Time (s): cpu = 00:00:41 ; elapsed = 00:00:49 . Memory (MB): peak = 854.875 ; gain = 706.047
INFO: [Common 17-347] Attempting to get a license for feature 'Implementation' and/or device 'xc7k325t'
INFO: [Common 17-349] Got license for feature 'Implementation' and/or device 'xc7k325t'
INFO: [Common 17-86] Your Implementation license expires in 3 day(s)
Running DRC as a precondition to command write_bitstream
INFO: [Vivado 12-3199] DRC finished with 0 Errors, 5 Warnings
INFO: [Vivado 12-3200] Please refer to the DRC report (report_drc) for more information.
Loading data files...
Loading site data...
Loading route data...
Processing options...
Creating bitmap...
Creating bitstream...
Writing bitstream ./fpgaTop.bit...
INFO: [Vivado 12-1842] Bitgen Completed Successfully.
INFO: [Common 17-83] Releasing license: Implementation
write_bitstream: Time (s): cpu = 00:01:47 ; elapsed = 00:01:56 . Memory (MB): peak = 1252.078 ; gain = 397.203
INFO: [Common 17-206] Exiting Vivado at Thu Jun 27 08:50:16 2013...
